<?xml version="1.0" encoding="UTF-8"?>
<Site BuildName="(empty)"
	BuildStamp="20250903-0700-Experimental"
	Name="zhc"
	Generator="ctest-3.16.3"
	CompilerName="/usr/bin/g++"
	CompilerVersion="9.4.0"
	OSName="Linux"
	Hostname="zhc"
	OSRelease="5.15.0-139-generic"
	OSVersion="#149~20.04.1-Ubuntu SMP Wed Apr 16 08:29:56 UTC 2025"
	OSPlatform="x86_64"
	Is64Bits="1"
	VendorString="GenuineIntel"
	VendorID="Intel Corporation"
	FamilyID="6"
	ModelID="165"
	ProcessorCacheSize="8192"
	NumberOfLogicalCPU="8"
	NumberOfPhysicalCPU="4"
	TotalVirtualMemory="2047"
	TotalPhysicalMemory="15811"
	LogicalProcessorsPerPhysical="2"
	ProcessorClockFrequency="4000.6"
	>
	<Testing>
		<StartDateTime>Sep 03 15:00 CST</StartDateTime>
		<StartTestTime>1756882823</StartTestTime>
		<TestList/>
		<EndDateTime>Sep 03 15:00 CST</EndDateTime>
		<EndTestTime>1756882823</EndTestTime>
		<ElapsedMinutes>0</ElapsedMinutes>
	</Testing>
</Site>
